<?xml version="1.0" encoding="UTF-8"?>
<!-- Generated by org.testng.reporters.JUnitXMLReporter -->
<testsuite hostname="LAPTOP-0F5NOOUH" ignored="0" name="Free CRM App Test Cases" tests="2" failures="0" timestamp="16 Aug 2019 02:36:19 GMT" time="16.305" errors="0">
  <testcase name="verifyHomePageTitleTest" time="0.043" classname="com.goquo.qa.testcases.HomePageTest"/>
  <testcase name="searchterm" time="1.925" classname="com.goquo.qa.testcases.HomePageTest"/>
</testsuite> <!-- Free CRM App Test Cases -->
