<?xml version="1.0" encoding="UTF-8"?>
<!-- Generated by org.testng.reporters.JUnitXMLReporter -->
<testsuite hostname="LAPTOP-B14BDU7P" name="Goquo" tests="4" failures="4" timestamp="3 Oct 2019 01:44:47 GMT" time="25.695" errors="0">
  <testcase name="VerifyFlightHotelBookingFlow" time="0.004" classname="com.goquo.qa.testcases.FlightHotelTest">
    <failure type="java.lang.NullPointerException">
      <![CDATA[java.lang.NullPointerException
	at java.io.File.<init>(File.java:277)
	at com.goquo.qa.util.ExcelRead.getExcelSheet(ExcelRead.java:32)
	at com.goquo.qa.util.ExcelRead.readExcelCellValue(ExcelRead.java:21)
	at com.goquo.qa.testcases.FlightHotelTest.VerifyFlightHotelBookingFlow(FlightHotelTest.java:60)
... Removed 24 stack frames]]>
    </failure>
  </testcase> <!-- VerifyFlightHotelBookingFlow -->
  <testcase name="VerifyPriceFunctionality" time="1.467" classname="com.goquo.qa.testcases.FlightHotelTest">
    <failure type="java.lang.NullPointerException" message="null value in entry: url=null">
      <![CDATA[java.lang.NullPointerException: null value in entry: url=null
	at com.google.common.collect.CollectPreconditions.checkEntryNotNull(CollectPreconditions.java:32)
	at com.google.common.collect.SingletonImmutableBiMap.<init>(SingletonImmutableBiMap.java:42)
	at com.google.common.collect.ImmutableBiMap.of(ImmutableBiMap.java:72)
	at com.google.common.collect.ImmutableMap.of(ImmutableMap.java:124)
	at org.openqa.selenium.remote.RemoteWebDriver.get(RemoteWebDriver.java:276)
	at org.openqa.selenium.support.events.EventFiringWebDriver.lambda$new$1(EventFiringWebDriver.java:105)
	at com.sun.proxy.$Proxy6.get(Unknown Source)
	at org.openqa.selenium.support.events.EventFiringWebDriver.get(EventFiringWebDriver.java:165)
	at com.goquo.qa.testcases.FlightHotelTest.VerifyPriceFunctionality(FlightHotelTest.java:171)
... Removed 28 stack frames]]>
    </failure>
  </testcase> <!-- VerifyPriceFunctionality -->
  <testcase name="VerifyDepartureFlightChangeTimeFunctionality" time="1.626" classname="com.goquo.qa.testcases.FlightHotelTest">
    <failure type="java.lang.NullPointerException" message="null value in entry: url=null">
      <![CDATA[java.lang.NullPointerException: null value in entry: url=null
	at com.google.common.collect.CollectPreconditions.checkEntryNotNull(CollectPreconditions.java:32)
	at com.google.common.collect.SingletonImmutableBiMap.<init>(SingletonImmutableBiMap.java:42)
	at com.google.common.collect.ImmutableBiMap.of(ImmutableBiMap.java:72)
	at com.google.common.collect.ImmutableMap.of(ImmutableMap.java:124)
	at org.openqa.selenium.remote.RemoteWebDriver.get(RemoteWebDriver.java:276)
	at org.openqa.selenium.support.events.EventFiringWebDriver.lambda$new$1(EventFiringWebDriver.java:105)
	at com.sun.proxy.$Proxy6.get(Unknown Source)
	at org.openqa.selenium.support.events.EventFiringWebDriver.get(EventFiringWebDriver.java:165)
	at com.goquo.qa.testcases.FlightHotelTest.VerifyDepartureFlightChangeTimeFunctionality(FlightHotelTest.java:200)
... Removed 28 stack frames]]>
    </failure>
  </testcase> <!-- VerifyDepartureFlightChangeTimeFunctionality -->
  <testcase name="VerifyReturnFlightChangeTimeFunctionality" time="1.815" classname="com.goquo.qa.testcases.FlightHotelTest">
    <failure type="java.lang.NullPointerException" message="null value in entry: url=null">
      <![CDATA[java.lang.NullPointerException: null value in entry: url=null
	at com.google.common.collect.CollectPreconditions.checkEntryNotNull(CollectPreconditions.java:32)
	at com.google.common.collect.SingletonImmutableBiMap.<init>(SingletonImmutableBiMap.java:42)
	at com.google.common.collect.ImmutableBiMap.of(ImmutableBiMap.java:72)
	at com.google.common.collect.ImmutableMap.of(ImmutableMap.java:124)
	at org.openqa.selenium.remote.RemoteWebDriver.get(RemoteWebDriver.java:276)
	at org.openqa.selenium.support.events.EventFiringWebDriver.lambda$new$1(EventFiringWebDriver.java:105)
	at com.sun.proxy.$Proxy6.get(Unknown Source)
	at org.openqa.selenium.support.events.EventFiringWebDriver.get(EventFiringWebDriver.java:165)
	at com.goquo.qa.testcases.FlightHotelTest.VerifyReturnFlightChangeTimeFunctionality(FlightHotelTest.java:227)
... Removed 28 stack frames]]>
    </failure>
  </testcase> <!-- VerifyReturnFlightChangeTimeFunctionality -->
</testsuite> <!-- Goquo -->
